{"label":"Label","level":"info","message":"Swagger-ui is available on http://localhost:8080/docs","timestamp":"Jan-25-2022 23:32:01"}
{"label":"Label","level":"info","message":"Express server listening on port 8080","timestamp":"Jan-25-2022 23:32:01"}
{"label":"Label","level":"info","message":"Mongoose default connection is open to mongodb://127.0.0.1:27017/student_db","timestamp":"Jan-25-2022 23:32:01"}
{"label":"Label","level":"info","message":"in controller /postStudent","timestamp":"Jan-25-2022 23:32:19"}
{"label":"Label","level":"info","message":"In post Student service. ","timestamp":"Jan-25-2022 23:32:19"}
{"0":"{","1":"\"","10":"h","100":"u","101":"n","102":"e","103":".","104":"\"","105":"}","11":"u","12":"s","13":"h","14":"a","15":"n","16":"\"","17":",","18":"\"","19":"R","2":"N","20":"o","21":"l","22":"l","23":"\"","24":":","25":"1","26":"2","27":"3","28":"4","29":"5","3":"a","30":"6","31":",","32":"\"","33":"B","34":"i","35":"r","36":"t","37":"h","38":"d","39":"a","4":"m","40":"y","41":"\"","42":":","43":"\"","44":"1","45":"9","46":"8","47":"7","48":"-","49":"0","5":"e","50":"3","51":"-","52":"0","53":"9","54":"T","55":"1","56":"8","57":":","58":"3","59":"0","6":"\"","60":":","61":"0","62":"0","63":".","64":"0","65":"0","66":"0","67":"Z","68":"\"","69":",","7":":","70":"\"","71":"A","72":"d","73":"d","74":"r","75":"e","76":"s","77":"s","78":"\"","79":":","8":"\"","80":"\"","81":"T","82":"e","83":"s","84":"t","85":" ","86":"A","87":"d","88":"d","89":"r","9":"B","90":"e","91":"s","92":"s","93":" ","94":"1","95":"2","96":"3","97":",","98":" ","99":"P","label":"Label","level":"info","message":"The Object = ","timestamp":"Jan-25-2022 23:32:19"}
{"label":"Label","level":"info","message":"the new student{\"Name\":\"Bhushan\",\"Roll\":123456,\"Birthday\":\"1987-03-09T18:30:00.000Z\",\"Address\":\"Test Address 123, Pune.\",\"Courses\":[],\"_id\":\"61f03b2b04935b1635c081c9\",\"createdAt\":\"2022-01-25T18:02:19.655Z\",\"updatedAt\":\"2022-01-25T18:02:19.655Z\",\"__v\":0}","timestamp":"Jan-25-2022 23:32:19"}
{"label":"Label","level":"info","message":"in controller /postCourse","timestamp":"Jan-25-2022 23:32:31"}
{"label":"Label","level":"info","message":"In post Course service. ","timestamp":"Jan-25-2022 23:32:31"}
{"0":"{","1":"\"","10":"n","11":"t","12":"c","13":"\"","14":",","15":"\"","16":"D","17":"u","18":"r","19":"a","2":"N","20":"t","21":"i","22":"o","23":"n","24":"\"","25":":","26":"{","27":"\"","28":"T","29":"e","3":"a","30":"n","31":"u","32":"r","33":"e","34":"\"","35":":","36":"2","37":",","38":"\"","39":"U","4":"m","40":"n","41":"i","42":"t","43":"\"","44":":","45":"\"","46":"M","47":"o","48":"n","49":"t","5":"e","50":"h","51":"s","52":"\"","53":"}","54":",","55":"\"","56":"F","57":"e","58":"e","59":"s","6":"\"","60":"\"","61":":","62":"{","63":"\"","64":"A","65":"m","66":"o","67":"u","68":"n","69":"t","7":":","70":"\"","71":":","72":"4","73":"0","74":"0","75":"0","76":",","77":"\"","78":"U","79":"n","8":"\"","80":"i","81":"t","82":"\"","83":":","84":"\"","85":"I","86":"N","87":"R","88":"\"","89":"}","9":"E","90":"}","label":"Label","level":"info","message":"The Object = ","timestamp":"Jan-25-2022 23:32:31"}
{"label":"Label","level":"info","message":"the new course{\"Name\":\"Entc\",\"Duration\":{\"Tenure\":2,\"Unit\":\"Months\"},\"Fees\":{\"Amount\":4000,\"Unit\":\"INR\"},\"Students\":[],\"_id\":\"61f03b3704935b1635c081cb\",\"createdAt\":\"2022-01-25T18:02:31.453Z\",\"updatedAt\":\"2022-01-25T18:02:31.453Z\",\"__v\":0}","timestamp":"Jan-25-2022 23:32:31"}
{"label":"Label","level":"info","message":"in controller /getCourses","timestamp":"Jan-25-2022 23:32:38"}
{"label":"Label","level":"info","message":"In get Courses service. ","timestamp":"Jan-25-2022 23:32:38"}
{"label":"Label","level":"info","message":"in controller /enrollCourse","timestamp":"Jan-25-2022 23:32:54"}
{"label":"Label","level":"info","message":"In post enrollCourse service. ","timestamp":"Jan-25-2022 23:32:54"}
{"0":"{","1":"\"","10":"3","11":"4","12":"5","13":"6","14":",","15":"\"","16":"c","17":"o","18":"u","19":"r","2":"R","20":"s","21":"e","22":"I","23":"d","24":"\"","25":":","26":"\"","27":"6","28":"1","29":"f","3":"o","30":"0","31":"3","32":"b","33":"3","34":"7","35":"0","36":"4","37":"9","38":"3","39":"5","4":"l","40":"b","41":"1","42":"6","43":"3","44":"5","45":"c","46":"0","47":"8","48":"1","49":"c","5":"l","50":"b","51":"\"","52":"}","6":"\"","7":":","8":"1","9":"2","label":"Label","level":"info","message":"The Object = ","timestamp":"Jan-25-2022 23:32:54"}
{"label":"Label","level":"info","message":"in enrollCourse db","timestamp":"Jan-25-2022 23:32:54"}
{"label":"Label","level":"info","message":"Data from find() - {\"_id\":\"61f03a976bf3030f593705dd\",\"Name\":\"Bhushan\",\"Roll\":123456,\"Birthday\":\"1987-03-09T18:30:00.000Z\",\"Address\":\"Test Address 123, Pune.\",\"Courses\":[],\"createdAt\":\"2022-01-25T17:59:51.759Z\",\"updatedAt\":\"2022-01-25T17:59:51.759Z\",\"__v\":0}","timestamp":"Jan-25-2022 23:32:54"}
{"label":"Label","level":"info","message":"course from find() - undefined","timestamp":"Jan-25-2022 23:32:54"}
{"label":"Label","level":"info","message":"course Object - \"61f03b3704935b1635c081cb\"","timestamp":"Jan-25-2022 23:32:54"}
{"label":"Label","level":"info","message":"course from find() after append - []","timestamp":"Jan-25-2022 23:32:54"}
{"label":"Label","level":"info","message":"Courses Enrolled!!","timestamp":"Jan-25-2022 23:32:54"}
{"label":"Label","level":"info","message":"in controller /getAllCourses","timestamp":"Jan-25-2022 23:33:02"}
{"label":"Label","level":"info","message":"In post getAllCourses service. ","timestamp":"Jan-25-2022 23:33:02"}
{"label":"Label","level":"info","message":"in enrollCourse db","timestamp":"Jan-25-2022 23:33:02"}
{"label":"Label","level":"info","message":"Data from find() - [{\"_id\":\"61f03a976bf3030f593705dd\",\"Name\":\"Bhushan\",\"Roll\":123456,\"Birthday\":\"1987-03-09T18:30:00.000Z\",\"Address\":\"Test Address 123, Pune.\",\"Courses\":[{\"Duration\":{\"Tenure\":2,\"Unit\":\"Months\"},\"Fees\":{\"Amount\":4000,\"Unit\":\"INR\"},\"_id\":\"61f03b3704935b1635c081cb\",\"Name\":\"Entc\",\"Students\":[],\"createdAt\":\"2022-01-25T18:02:31.453Z\",\"updatedAt\":\"2022-01-25T18:02:31.453Z\",\"__v\":0}],\"createdAt\":\"2022-01-25T17:59:51.759Z\",\"updatedAt\":\"2022-01-25T18:02:54.966Z\",\"__v\":1},{\"_id\":\"61f03b2b04935b1635c081c9\",\"Name\":\"Bhushan\",\"Roll\":123456,\"Birthday\":\"1987-03-09T18:30:00.000Z\",\"Address\":\"Test Address 123, Pune.\",\"Courses\":[],\"createdAt\":\"2022-01-25T18:02:19.655Z\",\"updatedAt\":\"2022-01-25T18:02:19.655Z\",\"__v\":0}]","timestamp":"Jan-25-2022 23:33:02"}
{"label":"Label","level":"error","message":"Mongoose default connection is disconnected","timestamp":"Jan-25-2022 23:37:13"}
{"label":"Label","level":"info","message":"Swagger-ui is available on http://localhost:8080/docs","timestamp":"Jan-25-2022 23:37:16"}
{"label":"Label","level":"info","message":"Express server listening on port 8080","timestamp":"Jan-25-2022 23:37:16"}
{"label":"Label","level":"info","message":"Mongoose default connection is open to mongodb://127.0.0.1:27017/student_db","timestamp":"Jan-25-2022 23:37:16"}
{"label":"Label","level":"info","message":"in controller /getAllCourses","timestamp":"Jan-25-2022 23:37:21"}
{"label":"Label","level":"info","message":"In post getAllCourses service. ","timestamp":"Jan-25-2022 23:37:21"}
{"label":"Label","level":"info","message":"in enrollCourse db","timestamp":"Jan-25-2022 23:37:21"}
{"label":"Label","level":"info","message":"Data from find() - [{\"_id\":\"61f03a976bf3030f593705dd\",\"Name\":\"Bhushan\",\"Roll\":123456,\"Birthday\":\"1987-03-09T18:30:00.000Z\",\"Address\":\"Test Address 123, Pune.\",\"Courses\":[{\"Duration\":{\"Tenure\":2,\"Unit\":\"Months\"},\"Fees\":{\"Amount\":4000,\"Unit\":\"INR\"},\"_id\":\"61f03b3704935b1635c081cb\",\"Name\":\"Entc\",\"createdAt\":\"2022-01-25T18:02:31.453Z\",\"updatedAt\":\"2022-01-25T18:02:31.453Z\",\"__v\":0}],\"createdAt\":\"2022-01-25T17:59:51.759Z\",\"updatedAt\":\"2022-01-25T18:02:54.966Z\",\"__v\":1},{\"_id\":\"61f03b2b04935b1635c081c9\",\"Name\":\"Bhushan\",\"Roll\":123456,\"Birthday\":\"1987-03-09T18:30:00.000Z\",\"Address\":\"Test Address 123, Pune.\",\"Courses\":[],\"createdAt\":\"2022-01-25T18:02:19.655Z\",\"updatedAt\":\"2022-01-25T18:02:19.655Z\",\"__v\":0}]","timestamp":"Jan-25-2022 23:37:21"}
{"label":"Label","level":"error","message":"Mongoose default connection is disconnected","timestamp":"Jan-26-2022 13:22:24"}
